<?xml version="1.0" encoding="UTF-8"?>
<!-- Generated by org.testng.reporters.JUnitReportReporter -->
<testsuite hostname="DESKTOP-VAIO7P2" failures="0" tests="2" name="testcase.RunnerClass" time="45.951" errors="0" timestamp="2025-02-25T02:38:46 EST" skipped="0">
  <testcase classname="testcase.RunnerClass" name="runScenario" time="23.497"/>
  <system-out/>
  <testcase classname="testcase.RunnerClass" name="runScenario" time="22.454"/>
  <system-out/>
</testsuite> <!-- testcase.RunnerClass -->
