<?xml version="1.0" encoding="UTF-8"?>
<!-- Generated by org.testng.reporters.JUnitReportReporter -->
<testsuite hostname="DESKTOP-VAIO7P2" failures="0" tests="2" name="testcase.CreateLeadFunctionality" time="49.918" errors="0" timestamp="2025-02-24T17:09:26 EST" skipped="0">
  <testcase classname="testcase.CreateLeadFunctionality" name="runCreateLead" time="27.138"/>
  <system-out/>
  <testcase classname="testcase.CreateLeadFunctionality" name="runCreateLead" time="22.780"/>
  <system-out/>
</testsuite> <!-- testcase.CreateLeadFunctionality -->
