<?xml version="1.0" encoding="UTF-8"?>
<!-- Generated by org.testng.reporters.JUnitReportReporter -->
<testsuite hostname="DESKTOP-VAIO7P2" failures="0" tests="2" name="testcase.LoginFunctionality" time="25.172" errors="0" timestamp="2025-02-24T17:09:26 EST" skipped="0">
  <testcase classname="testcase.LoginFunctionality" name="runLogin" time="15.731"/>
  <system-out/>
  <testcase classname="testcase.LoginFunctionality" name="runLogin" time="9.441"/>
  <system-out/>
</testsuite> <!-- testcase.LoginFunctionality -->
